make all --print-data-base --no-builtin-variables --no-builtin-rules --question
# GNU Make 3.81
# Copyright (C) 2006  Free Software Foundation, Inc.
# This is free software; see the source for copying conditions.
# There is NO warranty; not even for MERCHANTABILITY or FITNESS FOR A
# PARTICULAR PURPOSE.

# This program built for i386-apple-darwin11.3.0

# Make data base, printed on Wed Nov  9 23:39:05 2022

# Variables

# automatic
<D = $(patsubst %/,%,$(dir $<))
# automatic
?F = $(notdir $?)
# automatic
?D = $(patsubst %/,%,$(dir $?))
# automatic
@D = $(patsubst %/,%,$(dir $@))
# automatic
@F = $(notdir $@)
# makefile
CURDIR := /Users/anhvu/Desktop/Developer/sciauth-lightweight-environment
# makefile
SHELL = /bin/sh
# environment
VSCODE_NLS_CONFIG = {"locale":"en-us","availableLanguages":{},"_languagePackSupport":true}
# environment
_ = /usr/bin/make
# makefile (from `.env', line 1)
MAKEFILE_LIST :=  Makefile .env
# makefile (from `.env', line 37)
DOCKER_NETWORK_NAME = jupyterhub
# environment
__CFBundleIdentifier = com.microsoft.VSCode
# environment
INFOPATH = /opt/homebrew/share/info:
# makefile (from `.env', line 48)
TOKEN_ISSUER_VOLUME_NAME = token-issuer-data
# environment
VSCODE_CWD = /
# environment
PATH = /Users/anhvu/.cabal/bin:/Users/anhvu/.ghcup/bin:/opt/homebrew/bin:/opt/homebrew/sbin:/usr/local/bin:/usr/bin:/bin:/usr/sbin:/sbin:/Library/Apple/usr/bin
# environment
LSCOLORS = Gxfxcxdxbxegedabagacad
# makefile (from `.env', line 55)
SINGLEUSER_IMAGE = jupyterhub-singleuser:sciauth-env
# makefile (from `.env', line 54)
SCITOKENS_IMAGE = scitokens:sciauth-env
# makefile (from `.env', line 45)
DB_VOLUME_PATH = /var/lib/postgresql/data
# makefile (from `.env', line 29)
SINGLEUSER_CMD = jupyter-labhub
# environment
LaunchInstanceID = 26A20610-F566-4CCB-8580-3EE02CB7845A
# environment
ELECTRON_RUN_AS_NODE = 1
# default
.FEATURES := target-specific order-only second-expansion else-if archives jobserver check-symlink
# makefile (from `.env', line 32)
SINGLEUSER_VOLUME_PATH = /home/jovyan/work
# makefile (from `.env', line 52)
HTCONDOR_IMAGE = htcondor:sciauth-env
# environment
SSH_AUTH_SOCK = /private/tmp/com.apple.launchd.SiGXT7WVtp/Listeners
# automatic
%F = $(notdir $%)
# makefile (from `.env', line 20)
SCITOKENS_SERVICE_PORT = 9000
# environment
PWD = /Users/anhvu/Desktop/Developer/sciauth-lightweight-environment
# environment
HOMEBREW_CELLAR = /opt/homebrew/Cellar
# environment
ORIGINAL_XDG_CURRENT_DESKTOP = undefined
# environment
MANPATH = /opt/homebrew/share/man::
# environment
VSCODE_AMD_ENTRYPOINT = vs/workbench/api/node/extensionHostProcess
# environment
HOME = /Users/anhvu
# default
MAKEFILEPATH = $(shell /usr/bin/xcode-select -print-path 2>/dev/null || echo /Developer)/Makefiles
# environment
VSCODE_CODE_CACHE_PATH = /Users/anhvu/Library/Application Support/Code/CachedData/64bbfbf67ada9953918d72e1df2f4d8e537d340e
# environment
LOGNAME = anhvu
# environment
APPLICATION_INSIGHTS_NO_DIAGNOSTIC_CHANNEL = true
# environment
ZSH = /Users/anhvu/.oh-my-zsh
# environment
VSCODE_HANDLES_UNCAUGHT_ERRORS = true
# automatic
^D = $(patsubst %/,%,$(dir $^))
# environment
XPC_FLAGS = 0x0
# default
MAKE = $(MAKE_COMMAND)
# default
MAKECMDGOALS := all
# environment
SHLVL = 1
# makefile (from `.env', line 58)
POSTGRES_DB = jupyterhub
# default
MAKE_VERSION := 3.81
# environment
USER = anhvu
# makefile (from `.env', line 44)
DB_VOLUME_NAME = jupyterhub-db-data
# makefile
.DEFAULT_GOAL := all
# makefile (from `.env', line 41)
HUB_VOLUME_PATH = /data
# environment
LESS = -R
# automatic
%D = $(patsubst %/,%,$(dir $%))
# default
MAKE_COMMAND := /Library/Developer/CommandLineTools/usr/bin/make
# default
.VARIABLES := 
# environment
TMPDIR = /var/folders/ny/_mh57ksd0mj1ssyt6hg6_vnw0000gn/T/
# automatic
*F = $(notdir $*)
# environment
VSCODE_IPC_HOOK = /Users/anhvu/Library/Application Support/Code/1.72.0-main.sock
# environment
MallocNanoZone = 0
# makefile
MAKEFLAGS = Rrqp
# environment
MFLAGS = -Rrqp
# automatic
*D = $(patsubst %/,%,$(dir $*))
# environment
XPC_SERVICE_NAME = application.com.microsoft.VSCode.18086695.18086701
# makefile (from `.env', line 49)
TOKEN_ISSUER_VOLUME_PATH = /opt/scitokens-server/var/storage/file_store
# environment
HOMEBREW_PREFIX = /opt/homebrew
# automatic
+D = $(patsubst %/,%,$(dir $+))
# automatic
+F = $(notdir $+)
# environment
HOMEBREW_REPOSITORY = /opt/homebrew
# environment
__CF_USER_TEXT_ENCODING = 0x1F5:0x0:0x0
# environment
COMMAND_MODE = unix2003
# default
MAKEFILES := 
# automatic
<F = $(notdir $<)
# makefile (from `.env', line 53)
JUPYTERHUB_IMAGE = jupyterhub:sciauth-env
# environment
PAGER = less
# environment
LC_ALL = C
# makefile (from `.env', line 25)
JUPYTERHUB_VERSION = 1.3.0
# environment
SECURITYSESSIONID = 186a4
# automatic
^F = $(notdir $^)
# default
SUFFIXES := 
# makefile (from `.env', line 40)
HUB_VOLUME_NAME = jupyterhub-data
# environment
MAKELEVEL := 0
# environment
LANG = C
# makefile (from `.env', line 28)
SINGLEUSER_BASE_IMAGE = hub.opensciencegrid.org/osg-jupyter/htc-minimal-notebook:1.0.0
# environment
VSCODE_PID = 617
# variable set hash-table stats:
# Load=85/1024=8%, Rehash=0, Collisions=5/112=4%

# Pattern-specific Variable Values

# No pattern-specific variable values.

# Directories

# . (device 16777234, inode 18162023): 20 files, no impossibilities.

# 20 files, no impossibilities in 1 directories.

# Implicit Rules

# No implicit rules.

# Files

secrets/tls.crt:
#  Implicit rule search has not been done.
#  Modification time never checked.
#  File has not been updated.
#  commands to execute (from `Makefile', line 74):
	# Create a single self-signed certificate for all of the hosts
	# in this Docker Compose setup. It is somewhat simpler to accept
	# or trust one such certificate rather than many.
	openssl req -x509 \
	-subj "/CN=localhost" \
	-newkey rsa:4096 \
	-out secrets/tls.crt \
	-keyout secrets/tls.key \
	-days 365 \
	-nodes \
	-sha256 \
	-extensions san \
	-config config/certificates/tls.req
	

config:
#  Phony target (prerequisite of .PHONY).
#  Implicit rule search has not been done.
#  Implicit/static pattern stem: `'
#  File does not exist.
#  File has been updated.
#  Needs to be updated (-q is set).
# automatic
# @ := config
# automatic
# % := 
# automatic
# * := 
# automatic
# + := 
# automatic
# | := 
# automatic
# < := 
# automatic
# ^ := 
# automatic
# ? := 
# variable set hash-table stats:
# Load=8/32=25%, Rehash=0, Collisions=1/10=10%
#  commands to execute (from `Makefile', line 19):
	mkdir -m u=rwx,go= -p secrets/
	test -e secrets/jupyterhub_svc_config.yaml || cp templates/jupyterhub_svc_config.yaml secrets/
	test -e secrets/user-config.json || cp templates/user-config.json secrets/
	

all: build
#  Phony target (prerequisite of .PHONY).
#  Command-line target.
#  Implicit rule search has not been done.
#  File does not exist.
#  File has been updated.
#  Needs to be updated (-q is set).
# variable set hash-table stats:
# Load=0/32=0%, Rehash=0, Collisions=0/2=0%

.PHONY: all build clean clean-docker config docker secrets
#  Implicit rule search has not been done.
#  Modification time never checked.
#  File has not been updated.

secrets/postgres.env:
#  Implicit rule search has not been done.
#  Modification time never checked.
#  File has not been updated.
#  commands to execute (from `Makefile', line 68):
	# Create a password for the Postgres database's `postgres` user.
	@echo "POSTGRES_PASSWORD=$(shell openssl rand -hex 32)" > $@
	

# Not a target:
.SUFFIXES:
#  Implicit rule search has not been done.
#  Modification time never checked.
#  File has not been updated.

# Not a target:
Makefile:
#  Implicit rule search has been done.
#  Last modified 2022-10-10 20:00:16
#  File has been updated.
#  Successfully updated.
# variable set hash-table stats:
# Load=0/32=0%, Rehash=0, Collisions=0/0=0%

secrets/oauth.env:
#  Implicit rule search has not been done.
#  Modification time never checked.
#  File has not been updated.
#  commands to execute (from `Makefile', line 59):
	@echo
	@echo ERROR: No such file: $@
	@echo
	@echo Create this file based on templates/oauth.env.
	@echo
	@exit 1
	

build: config docker secrets
#  Phony target (prerequisite of .PHONY).
#  Implicit rule search has not been done.
#  File does not exist.
 
#  File has been updated.
#  Needs to be updated (-q is set).
# variable set hash-table stats:
# Load=0/32=0%, Rehash=0, Collisions=0/2=0%
#  commands to execute (from `Makefile', line 12):
	docker compose build
	

# Not a target:
.env:
#  Implicit rule search has been done.
#  Last modified 2022-10-10 20:00:16
#  File has been updated.
#  Successfully updated.
# variable set hash-table stats:
# Load=0/32=0%, Rehash=0, Collisions=0/0=0%

# Not a target:
.DEFAULT:
#  Implicit rule search has not been done.
#  Modification time never checked.
#  File has not been updated.

clean: clean-docker
#  Phony target (prerequisite of .PHONY).
#  Implicit rule search has not been done.
#  File does not exist.
#  File has not been updated.

docker:
#  Phony target (prerequisite of .PHONY).
#  Implicit rule search has not been done.
#  File does not exist.
#  File has not been updated.
#  commands to execute (from `Makefile', line 27):
	# Create Docker volumes for persisting data between runs.
	docker volume create $(DB_VOLUME_NAME)
	docker volume create $(HUB_VOLUME_NAME)
	docker volume create $(TOKEN_ISSUER_VOLUME_NAME)
	# Create a Docker network for isolating the containers.
	docker network inspect $(DOCKER_NETWORK_NAME) >/dev/null 2>&1 \
	|| docker network create $(DOCKER_NETWORK_NAME)
	

secrets:
#  Phony target (prerequisite of .PHONY).
#  Implicit rule search has not been done.
#  File does not exist.
#  File has not been updated.
#  commands to execute (from `Makefile', line 50):
	mkdir -p secrets/
	chmod u=rwx,go= secrets/
	make \
	secrets/oauth.env \
	secrets/postgres.env \
	secrets/tls.crt \
	secrets/token-issuer.jwks
	

secrets/token-issuer.jwks:
#  Implicit rule search has not been done.
#  Modification time never checked.
#  File has not been updated.
#  commands to execute (from `Makefile', line 91):
	# Use the SciTokens library to generate the signing key for the
	# lightweight token issuer.
	docker build -f Dockerfile.scitokens -t $(SCITOKENS_IMAGE) \
	--no-cache \
	--pull \
	.
	docker run -it --rm $(SCITOKENS_IMAGE) \
	python3 -m scitokens.tools.admin_create_key \
	--create-keys \
	--jwks-private \
	> secrets/token-issuer.jwks
	

clean-docker:
#  Phony target (prerequisite of .PHONY).
#  Implicit rule search has not been done.
#  File does not exist.
#  File has not been updated.
#  commands to execute (from `Makefile', line 40):
	# Remove the Docker network and volumes created by this Makefile.
	# User data volumes will not be removed, nor will any images created
	# by this Makefile or Docker Compose setup.
	-docker network rm $(DOCKER_NETWORK_NAME)
	-docker volume rm $(DB_VOLUME_NAME) $(HUB_VOLUME_NAME) $(TOKEN_ISSUER_VOLUME_NAME)
	

# files hash-table stats:
# Load=16/1024=2%, Rehash=0, Collisions=0/43=0%
# VPATH Search Paths

# No `vpath' search paths.

# No general (`VPATH' variable) search path.

# # of strings in strcache: 2
# # of strcache buffers: 1
# strcache size: total = 4096 / max = 4096 / min = 4096 / avg = 4096
# strcache free: total = 4082 / max = 4082 / min = 4082 / avg = 4082

# Finished Make data base on Wed Nov  9 23:39:05 2022

 
